[0.010s] Invoking command in '/home/tishan-kashmeera/Desktop/disaster_response-drone_simulation/build/human_detection': /usr/bin/cmake /home/tishan-kashmeera/Desktop/disaster_response-drone_simulation/src/ros2/human_detection -DCMAKE_INSTALL_PREFIX=/home/tishan-kashmeera/Desktop/disaster_response-drone_simulation/install/human_detection
[0.060s] -- The C compiler identification is GNU 9.4.0
[0.098s] -- The CXX compiler identification is GNU 9.4.0
[0.102s] -- Check for working C compiler: /usr/bin/cc
[0.146s] -- Check for working C compiler: /usr/bin/cc -- works
[0.147s] -- Detecting C compiler ABI info
[0.189s] -- Detecting C compiler ABI info - done
[0.201s] -- Detecting C compile features
[0.201s] -- Detecting C compile features - done
[0.204s] -- Check for working CXX compiler: /usr/bin/c++
[0.254s] -- Check for working CXX compiler: /usr/bin/c++ -- works
[0.255s] -- Detecting CXX compiler ABI info
[0.304s] -- Detecting CXX compiler ABI info - done
[0.317s] -- Detecting CXX compile features
[0.317s] -- Detecting CXX compile features - done
[0.327s] CMake Error at CMakeLists.txt:19 (find_package):
[0.327s]   By not providing "Findament_cmake.cmake" in CMAKE_MODULE_PATH this project
[0.327s]   has asked CMake to find a package configuration file provided by
[0.327s]   "ament_cmake", but CMake did not find one.
[0.327s] 
[0.327s]   Could not find a package configuration file provided by "ament_cmake" with
[0.327s]   any of the following names:
[0.327s] 
[0.327s]     ament_cmakeConfig.cmake
[0.327s]     ament_cmake-config.cmake
[0.327s] 
[0.327s]   Add the installation prefix of "ament_cmake" to CMAKE_PREFIX_PATH or set
[0.327s]   "ament_cmake_DIR" to a directory containing one of the above files.  If
[0.327s]   "ament_cmake" provides a separate development package or SDK, be sure it
[0.327s]   has been installed.
[0.327s] 
[0.327s] 
[0.327s] -- Configuring incomplete, errors occurred!
[0.328s] See also "/home/tishan-kashmeera/Desktop/disaster_response-drone_simulation/build/human_detection/CMakeFiles/CMakeOutput.log".
[0.329s] Invoked command in '/home/tishan-kashmeera/Desktop/disaster_response-drone_simulation/build/human_detection' returned '1': /usr/bin/cmake /home/tishan-kashmeera/Desktop/disaster_response-drone_simulation/src/ros2/human_detection -DCMAKE_INSTALL_PREFIX=/home/tishan-kashmeera/Desktop/disaster_response-drone_simulation/install/human_detection
