[0.015s] Invoking command in '/home/tishan-kashmeera/Desktop/disaster_response-drone_simulation/build/human_detection': CMAKE_PREFIX_PATH=/opt/ros/foxy:${CMAKE_PREFIX_PATH} /usr/bin/cmake --build /home/tishan-kashmeera/Desktop/disaster_response-drone_simulation/build/human_detection -- -j8 -l8
[0.041s] Invoked command in '/home/tishan-kashmeera/Desktop/disaster_response-drone_simulation/build/human_detection' returned '0': CMAKE_PREFIX_PATH=/opt/ros/foxy:${CMAKE_PREFIX_PATH} /usr/bin/cmake --build /home/tishan-kashmeera/Desktop/disaster_response-drone_simulation/build/human_detection -- -j8 -l8
[0.063s] Invoking command in '/home/tishan-kashmeera/Desktop/disaster_response-drone_simulation/build/human_detection': CMAKE_PREFIX_PATH=/opt/ros/foxy:${CMAKE_PREFIX_PATH} /usr/bin/cmake --install /home/tishan-kashmeera/Desktop/disaster_response-drone_simulation/build/human_detection
[0.069s] -- Install configuration: ""
[0.069s] -- Up-to-date: /home/tishan-kashmeera/Desktop/disaster_response-drone_simulation/install/human_detection/share/ament_index/resource_index/package_run_dependencies/human_detection
[0.069s] -- Up-to-date: /home/tishan-kashmeera/Desktop/disaster_response-drone_simulation/install/human_detection/share/ament_index/resource_index/parent_prefix_path/human_detection
[0.069s] -- Up-to-date: /home/tishan-kashmeera/Desktop/disaster_response-drone_simulation/install/human_detection/share/human_detection/environment/ament_prefix_path.sh
[0.070s] -- Up-to-date: /home/tishan-kashmeera/Desktop/disaster_response-drone_simulation/install/human_detection/share/human_detection/environment/ament_prefix_path.dsv
[0.070s] -- Up-to-date: /home/tishan-kashmeera/Desktop/disaster_response-drone_simulation/install/human_detection/share/human_detection/environment/path.sh
[0.070s] -- Up-to-date: /home/tishan-kashmeera/Desktop/disaster_response-drone_simulation/install/human_detection/share/human_detection/environment/path.dsv
[0.070s] -- Up-to-date: /home/tishan-kashmeera/Desktop/disaster_response-drone_simulation/install/human_detection/share/human_detection/local_setup.bash
[0.070s] -- Up-to-date: /home/tishan-kashmeera/Desktop/disaster_response-drone_simulation/install/human_detection/share/human_detection/local_setup.sh
[0.070s] -- Up-to-date: /home/tishan-kashmeera/Desktop/disaster_response-drone_simulation/install/human_detection/share/human_detection/local_setup.zsh
[0.070s] -- Up-to-date: /home/tishan-kashmeera/Desktop/disaster_response-drone_simulation/install/human_detection/share/human_detection/local_setup.dsv
[0.070s] -- Installing: /home/tishan-kashmeera/Desktop/disaster_response-drone_simulation/install/human_detection/share/human_detection/package.dsv
[0.070s] -- Up-to-date: /home/tishan-kashmeera/Desktop/disaster_response-drone_simulation/install/human_detection/share/ament_index/resource_index/packages/human_detection
[0.070s] -- Up-to-date: /home/tishan-kashmeera/Desktop/disaster_response-drone_simulation/install/human_detection/share/human_detection/cmake/human_detectionConfig.cmake
[0.070s] -- Up-to-date: /home/tishan-kashmeera/Desktop/disaster_response-drone_simulation/install/human_detection/share/human_detection/cmake/human_detectionConfig-version.cmake
[0.070s] -- Up-to-date: /home/tishan-kashmeera/Desktop/disaster_response-drone_simulation/install/human_detection/share/human_detection/package.xml
[0.071s] Invoked command in '/home/tishan-kashmeera/Desktop/disaster_response-drone_simulation/build/human_detection' returned '0': CMAKE_PREFIX_PATH=/opt/ros/foxy:${CMAKE_PREFIX_PATH} /usr/bin/cmake --install /home/tishan-kashmeera/Desktop/disaster_response-drone_simulation/build/human_detection
