-- Found ament_cmake: 0.9.12 (/opt/ros/foxy/share/ament_cmake/cmake)
-- Found PythonInterp: /usr/bin/python3 (found suitable version "3.8.10", minimum required is "3") 
-- Using PYTHON_EXECUTABLE: /usr/bin/python3
-- Found ament_lint_auto: 0.9.8 (/opt/ros/foxy/share/ament_lint_auto/cmake)
-- Added test 'copyright' to check source files copyright and LICENSE
-- Added test 'flake8' to check Python code syntax and style conventions
-- Added test 'lint_cmake' to check CMake code style
-- Added test 'pep257' to check Python code against some of the style conventions in PEP 257
-- Added test 'xmllint' to check XML markup files
-- Configuring done
-- Generating done
-- Build files have been written to: /home/tishan-kashmeera/Desktop/disaster_response-drone_simulation/build/navigation_slam
-- Install configuration: ""
-- Installing: /home/tishan-kashmeera/Desktop/disaster_response-drone_simulation/install/navigation_slam/share/ament_index/resource_index/package_run_dependencies/navigation_slam
-- Installing: /home/tishan-kashmeera/Desktop/disaster_response-drone_simulation/install/navigation_slam/share/ament_index/resource_index/parent_prefix_path/navigation_slam
-- Installing: /home/tishan-kashmeera/Desktop/disaster_response-drone_simulation/install/navigation_slam/share/navigation_slam/environment/ament_prefix_path.sh
-- Installing: /home/tishan-kashmeera/Desktop/disaster_response-drone_simulation/install/navigation_slam/share/navigation_slam/environment/ament_prefix_path.dsv
-- Installing: /home/tishan-kashmeera/Desktop/disaster_response-drone_simulation/install/navigation_slam/share/navigation_slam/environment/path.sh
-- Installing: /home/tishan-kashmeera/Desktop/disaster_response-drone_simulation/install/navigation_slam/share/navigation_slam/environment/path.dsv
-- Installing: /home/tishan-kashmeera/Desktop/disaster_response-drone_simulation/install/navigation_slam/share/navigation_slam/local_setup.bash
-- Installing: /home/tishan-kashmeera/Desktop/disaster_response-drone_simulation/install/navigation_slam/share/navigation_slam/local_setup.sh
-- Installing: /home/tishan-kashmeera/Desktop/disaster_response-drone_simulation/install/navigation_slam/share/navigation_slam/local_setup.zsh
-- Installing: /home/tishan-kashmeera/Desktop/disaster_response-drone_simulation/install/navigation_slam/share/navigation_slam/local_setup.dsv
-- Installing: /home/tishan-kashmeera/Desktop/disaster_response-drone_simulation/install/navigation_slam/share/navigation_slam/package.dsv
-- Installing: /home/tishan-kashmeera/Desktop/disaster_response-drone_simulation/install/navigation_slam/share/ament_index/resource_index/packages/navigation_slam
-- Installing: /home/tishan-kashmeera/Desktop/disaster_response-drone_simulation/install/navigation_slam/share/navigation_slam/cmake/navigation_slamConfig.cmake
-- Installing: /home/tishan-kashmeera/Desktop/disaster_response-drone_simulation/install/navigation_slam/share/navigation_slam/cmake/navigation_slamConfig-version.cmake
-- Installing: /home/tishan-kashmeera/Desktop/disaster_response-drone_simulation/install/navigation_slam/share/navigation_slam/package.xml
