[0.011s] Invoking command in '/home/tishan-kashmeera/Desktop/disaster_response-drone_simulation/build/navigation_slam': CMAKE_PREFIX_PATH=/opt/ros/foxy /usr/bin/cmake /home/tishan-kashmeera/Desktop/disaster_response-drone_simulation/src/ros2/navigation_slam -DCMAKE_INSTALL_PREFIX=/home/tishan-kashmeera/Desktop/disaster_response-drone_simulation/install/navigation_slam
[0.021s] -- Found ament_cmake: 0.9.12 (/opt/ros/foxy/share/ament_cmake/cmake)
[0.039s] -- Found PythonInterp: /usr/bin/python3 (found suitable version "3.8.10", minimum required is "3") 
[0.039s] -- Using PYTHON_EXECUTABLE: /usr/bin/python3
[0.174s] -- Found ament_lint_auto: 0.9.8 (/opt/ros/foxy/share/ament_lint_auto/cmake)
[0.232s] -- Added test 'copyright' to check source files copyright and LICENSE
[0.233s] -- Added test 'flake8' to check Python code syntax and style conventions
[0.234s] -- Added test 'lint_cmake' to check CMake code style
[0.234s] -- Added test 'pep257' to check Python code against some of the style conventions in PEP 257
[0.235s] -- Added test 'xmllint' to check XML markup files
[0.236s] -- Configuring done
[0.237s] -- Generating done
[0.238s] -- Build files have been written to: /home/tishan-kashmeera/Desktop/disaster_response-drone_simulation/build/navigation_slam
[0.240s] Invoked command in '/home/tishan-kashmeera/Desktop/disaster_response-drone_simulation/build/navigation_slam' returned '0': CMAKE_PREFIX_PATH=/opt/ros/foxy /usr/bin/cmake /home/tishan-kashmeera/Desktop/disaster_response-drone_simulation/src/ros2/navigation_slam -DCMAKE_INSTALL_PREFIX=/home/tishan-kashmeera/Desktop/disaster_response-drone_simulation/install/navigation_slam
[0.242s] Invoking command in '/home/tishan-kashmeera/Desktop/disaster_response-drone_simulation/build/navigation_slam': CMAKE_PREFIX_PATH=/opt/ros/foxy /usr/bin/cmake --build /home/tishan-kashmeera/Desktop/disaster_response-drone_simulation/build/navigation_slam -- -j8 -l8
[0.267s] Invoked command in '/home/tishan-kashmeera/Desktop/disaster_response-drone_simulation/build/navigation_slam' returned '0': CMAKE_PREFIX_PATH=/opt/ros/foxy /usr/bin/cmake --build /home/tishan-kashmeera/Desktop/disaster_response-drone_simulation/build/navigation_slam -- -j8 -l8
[0.292s] Invoking command in '/home/tishan-kashmeera/Desktop/disaster_response-drone_simulation/build/navigation_slam': CMAKE_PREFIX_PATH=/opt/ros/foxy /usr/bin/cmake --install /home/tishan-kashmeera/Desktop/disaster_response-drone_simulation/build/navigation_slam
[0.300s] -- Install configuration: ""
[0.300s] -- Installing: /home/tishan-kashmeera/Desktop/disaster_response-drone_simulation/install/navigation_slam/share/ament_index/resource_index/package_run_dependencies/navigation_slam
[0.300s] -- Installing: /home/tishan-kashmeera/Desktop/disaster_response-drone_simulation/install/navigation_slam/share/ament_index/resource_index/parent_prefix_path/navigation_slam
[0.300s] -- Installing: /home/tishan-kashmeera/Desktop/disaster_response-drone_simulation/install/navigation_slam/share/navigation_slam/environment/ament_prefix_path.sh
[0.300s] -- Installing: /home/tishan-kashmeera/Desktop/disaster_response-drone_simulation/install/navigation_slam/share/navigation_slam/environment/ament_prefix_path.dsv
[0.301s] -- Installing: /home/tishan-kashmeera/Desktop/disaster_response-drone_simulation/install/navigation_slam/share/navigation_slam/environment/path.sh
[0.301s] -- Installing: /home/tishan-kashmeera/Desktop/disaster_response-drone_simulation/install/navigation_slam/share/navigation_slam/environment/path.dsv
[0.301s] -- Installing: /home/tishan-kashmeera/Desktop/disaster_response-drone_simulation/install/navigation_slam/share/navigation_slam/local_setup.bash
[0.301s] -- Installing: /home/tishan-kashmeera/Desktop/disaster_response-drone_simulation/install/navigation_slam/share/navigation_slam/local_setup.sh
[0.301s] -- Installing: /home/tishan-kashmeera/Desktop/disaster_response-drone_simulation/install/navigation_slam/share/navigation_slam/local_setup.zsh
[0.301s] -- Installing: /home/tishan-kashmeera/Desktop/disaster_response-drone_simulation/install/navigation_slam/share/navigation_slam/local_setup.dsv
[0.301s] -- Installing: /home/tishan-kashmeera/Desktop/disaster_response-drone_simulation/install/navigation_slam/share/navigation_slam/package.dsv
[0.301s] -- Installing: /home/tishan-kashmeera/Desktop/disaster_response-drone_simulation/install/navigation_slam/share/ament_index/resource_index/packages/navigation_slam
[0.301s] -- Installing: /home/tishan-kashmeera/Desktop/disaster_response-drone_simulation/install/navigation_slam/share/navigation_slam/cmake/navigation_slamConfig.cmake
[0.301s] -- Installing: /home/tishan-kashmeera/Desktop/disaster_response-drone_simulation/install/navigation_slam/share/navigation_slam/cmake/navigation_slamConfig-version.cmake
[0.301s] -- Installing: /home/tishan-kashmeera/Desktop/disaster_response-drone_simulation/install/navigation_slam/share/navigation_slam/package.xml
[0.303s] Invoked command in '/home/tishan-kashmeera/Desktop/disaster_response-drone_simulation/build/navigation_slam' returned '0': CMAKE_PREFIX_PATH=/opt/ros/foxy /usr/bin/cmake --install /home/tishan-kashmeera/Desktop/disaster_response-drone_simulation/build/navigation_slam
