[0.123s] DEBUG:colcon:Command line arguments: ['/usr/bin/colcon', 'build']
[0.123s] DEBUG:colcon:Parsed command line arguments: Namespace(allow_overriding=[], ament_cmake_args=None, base_paths=['.'], build_base='build', catkin_cmake_args=None, catkin_skip_building_tests=False, cmake_args=None, cmake_clean_cache=False, cmake_clean_first=False, cmake_force_configure=False, cmake_target=None, cmake_target_skip_unavailable=False, continue_on_error=False, event_handlers=None, executor='parallel', ignore_user_meta=False, install_base='install', log_base=None, log_level=None, main=<bound method BuildVerb.main of <colcon_core.verb.build.BuildVerb object at 0x7f901fbb7220>>, merge_install=False, metas=['./colcon.meta'], mixin=None, mixin_files=None, mixin_verb=('build',), packages_above=None, packages_above_and_dependencies=None, packages_above_depth=None, packages_end=None, packages_ignore=None, packages_ignore_regex=None, packages_select=None, packages_select_build_failed=False, packages_select_by_dep=None, packages_select_regex=None, packages_select_test_failures=False, packages_skip=None, packages_skip_build_finished=False, packages_skip_by_dep=None, packages_skip_regex=None, packages_skip_test_passed=False, packages_skip_up_to=None, packages_start=None, packages_up_to=None, packages_up_to_regex=None, parallel_workers=8, paths=None, symlink_install=False, test_result_base=None, verb_extension=<colcon_core.verb.build.BuildVerb object at 0x7f901fbb7220>, verb_name='build', verb_parser=<colcon_mixin.mixin.mixin_argument.MixinArgumentDecorator object at 0x7f901fbb7820>)
[0.210s] Level 1:colcon.colcon_core.package_discovery:discover_packages(colcon_meta) check parameters
[0.210s] Level 1:colcon.colcon_core.package_discovery:discover_packages(recursive) check parameters
[0.210s] Level 1:colcon.colcon_core.package_discovery:discover_packages(ignore) check parameters
[0.210s] Level 1:colcon.colcon_core.package_discovery:discover_packages(path) check parameters
[0.210s] Level 1:colcon.colcon_core.package_discovery:discover_packages(colcon_meta) discover
[0.210s] Level 1:colcon.colcon_core.package_discovery:discover_packages(recursive) discover
[0.210s] INFO:colcon.colcon_core.package_discovery:Crawling recursively for packages in '/home/tishan-kashmeera/Desktop/disaster_response-drone_simulation'
[0.210s] Level 1:colcon.colcon_core.package_identification:_identify(.) by extensions ['ignore', 'ignore_ament_install']
[0.210s] Level 1:colcon.colcon_core.package_identification:_identify(.) by extension 'ignore'
[0.210s] Level 1:colcon.colcon_core.package_identification:_identify(.) by extension 'ignore_ament_install'
[0.210s] Level 1:colcon.colcon_core.package_identification:_identify(.) by extensions ['colcon_pkg']
[0.211s] Level 1:colcon.colcon_core.package_identification:_identify(.) by extension 'colcon_pkg'
[0.211s] Level 1:colcon.colcon_core.package_identification:_identify(.) by extensions ['colcon_meta']
[0.211s] Level 1:colcon.colcon_core.package_identification:_identify(.) by extension 'colcon_meta'
[0.211s] Level 1:colcon.colcon_core.package_identification:_identify(.) by extensions ['ros']
[0.211s] Level 1:colcon.colcon_core.package_identification:_identify(.) by extension 'ros'
[0.217s] Level 1:colcon.colcon_core.package_identification:_identify(.) by extensions ['cmake', 'python']
[0.217s] Level 1:colcon.colcon_core.package_identification:_identify(.) by extension 'cmake'
[0.217s] Level 1:colcon.colcon_core.package_identification:_identify(.) by extension 'python'
[0.217s] Level 1:colcon.colcon_core.package_identification:_identify(.) by extensions ['python_setup_py']
[0.217s] Level 1:colcon.colcon_core.package_identification:_identify(.) by extension 'python_setup_py'
[0.217s] Level 1:colcon.colcon_core.package_identification:_identify(build) by extensions ['ignore', 'ignore_ament_install']
[0.217s] Level 1:colcon.colcon_core.package_identification:_identify(build) by extension 'ignore'
[0.218s] Level 1:colcon.colcon_core.package_identification:_identify(build) ignored
[0.218s] Level 1:colcon.colcon_core.package_identification:_identify(configs) by extensions ['ignore', 'ignore_ament_install']
[0.218s] Level 1:colcon.colcon_core.package_identification:_identify(configs) by extension 'ignore'
[0.218s] Level 1:colcon.colcon_core.package_identification:_identify(configs) by extension 'ignore_ament_install'
[0.218s] Level 1:colcon.colcon_core.package_identification:_identify(configs) by extensions ['colcon_pkg']
[0.218s] Level 1:colcon.colcon_core.package_identification:_identify(configs) by extension 'colcon_pkg'
[0.218s] Level 1:colcon.colcon_core.package_identification:_identify(configs) by extensions ['colcon_meta']
[0.218s] Level 1:colcon.colcon_core.package_identification:_identify(configs) by extension 'colcon_meta'
[0.218s] Level 1:colcon.colcon_core.package_identification:_identify(configs) by extensions ['ros']
[0.218s] Level 1:colcon.colcon_core.package_identification:_identify(configs) by extension 'ros'
[0.218s] Level 1:colcon.colcon_core.package_identification:_identify(configs) by extensions ['cmake', 'python']
[0.218s] Level 1:colcon.colcon_core.package_identification:_identify(configs) by extension 'cmake'
[0.218s] Level 1:colcon.colcon_core.package_identification:_identify(configs) by extension 'python'
[0.218s] Level 1:colcon.colcon_core.package_identification:_identify(configs) by extensions ['python_setup_py']
[0.218s] Level 1:colcon.colcon_core.package_identification:_identify(configs) by extension 'python_setup_py'
[0.218s] Level 1:colcon.colcon_core.package_identification:_identify(install) by extensions ['ignore', 'ignore_ament_install']
[0.218s] Level 1:colcon.colcon_core.package_identification:_identify(install) by extension 'ignore'
[0.218s] Level 1:colcon.colcon_core.package_identification:_identify(install) ignored
[0.218s] Level 1:colcon.colcon_core.package_identification:_identify(launch) by extensions ['ignore', 'ignore_ament_install']
[0.218s] Level 1:colcon.colcon_core.package_identification:_identify(launch) by extension 'ignore'
[0.218s] Level 1:colcon.colcon_core.package_identification:_identify(launch) by extension 'ignore_ament_install'
[0.218s] Level 1:colcon.colcon_core.package_identification:_identify(launch) by extensions ['colcon_pkg']
[0.218s] Level 1:colcon.colcon_core.package_identification:_identify(launch) by extension 'colcon_pkg'
[0.218s] Level 1:colcon.colcon_core.package_identification:_identify(launch) by extensions ['colcon_meta']
[0.218s] Level 1:colcon.colcon_core.package_identification:_identify(launch) by extension 'colcon_meta'
[0.218s] Level 1:colcon.colcon_core.package_identification:_identify(launch) by extensions ['ros']
[0.218s] Level 1:colcon.colcon_core.package_identification:_identify(launch) by extension 'ros'
[0.218s] Level 1:colcon.colcon_core.package_identification:_identify(launch) by extensions ['cmake', 'python']
[0.218s] Level 1:colcon.colcon_core.package_identification:_identify(launch) by extension 'cmake'
[0.218s] Level 1:colcon.colcon_core.package_identification:_identify(launch) by extension 'python'
[0.218s] Level 1:colcon.colcon_core.package_identification:_identify(launch) by extensions ['python_setup_py']
[0.218s] Level 1:colcon.colcon_core.package_identification:_identify(launch) by extension 'python_setup_py'
[0.218s] Level 1:colcon.colcon_core.package_identification:_identify(log) by extensions ['ignore', 'ignore_ament_install']
[0.219s] Level 1:colcon.colcon_core.package_identification:_identify(log) by extension 'ignore'
[0.219s] Level 1:colcon.colcon_core.package_identification:_identify(log) ignored
[0.219s] Level 1:colcon.colcon_core.package_identification:_identify(scripts) by extensions ['ignore', 'ignore_ament_install']
[0.219s] Level 1:colcon.colcon_core.package_identification:_identify(scripts) by extension 'ignore'
[0.219s] Level 1:colcon.colcon_core.package_identification:_identify(scripts) by extension 'ignore_ament_install'
[0.219s] Level 1:colcon.colcon_core.package_identification:_identify(scripts) by extensions ['colcon_pkg']
[0.219s] Level 1:colcon.colcon_core.package_identification:_identify(scripts) by extension 'colcon_pkg'
[0.219s] Level 1:colcon.colcon_core.package_identification:_identify(scripts) by extensions ['colcon_meta']
[0.219s] Level 1:colcon.colcon_core.package_identification:_identify(scripts) by extension 'colcon_meta'
[0.219s] Level 1:colcon.colcon_core.package_identification:_identify(scripts) by extensions ['ros']
[0.219s] Level 1:colcon.colcon_core.package_identification:_identify(scripts) by extension 'ros'
[0.219s] Level 1:colcon.colcon_core.package_identification:_identify(scripts) by extensions ['cmake', 'python']
[0.219s] Level 1:colcon.colcon_core.package_identification:_identify(scripts) by extension 'cmake'
[0.219s] Level 1:colcon.colcon_core.package_identification:_identify(scripts) by extension 'python'
[0.219s] Level 1:colcon.colcon_core.package_identification:_identify(scripts) by extensions ['python_setup_py']
[0.219s] Level 1:colcon.colcon_core.package_identification:_identify(scripts) by extension 'python_setup_py'
[0.219s] Level 1:colcon.colcon_core.package_identification:_identify(src) by extensions ['ignore', 'ignore_ament_install']
[0.219s] Level 1:colcon.colcon_core.package_identification:_identify(src) by extension 'ignore'
[0.219s] Level 1:colcon.colcon_core.package_identification:_identify(src) by extension 'ignore_ament_install'
[0.219s] Level 1:colcon.colcon_core.package_identification:_identify(src) by extensions ['colcon_pkg']
[0.219s] Level 1:colcon.colcon_core.package_identification:_identify(src) by extension 'colcon_pkg'
[0.219s] Level 1:colcon.colcon_core.package_identification:_identify(src) by extensions ['colcon_meta']
[0.219s] Level 1:colcon.colcon_core.package_identification:_identify(src) by extension 'colcon_meta'
[0.219s] Level 1:colcon.colcon_core.package_identification:_identify(src) by extensions ['ros']
[0.219s] Level 1:colcon.colcon_core.package_identification:_identify(src) by extension 'ros'
[0.219s] Level 1:colcon.colcon_core.package_identification:_identify(src) by extensions ['cmake', 'python']
[0.219s] Level 1:colcon.colcon_core.package_identification:_identify(src) by extension 'cmake'
[0.219s] Level 1:colcon.colcon_core.package_identification:_identify(src) by extension 'python'
[0.219s] Level 1:colcon.colcon_core.package_identification:_identify(src) by extensions ['python_setup_py']
[0.219s] Level 1:colcon.colcon_core.package_identification:_identify(src) by extension 'python_setup_py'
[0.219s] Level 1:colcon.colcon_core.package_identification:_identify(src/ros2) by extensions ['ignore', 'ignore_ament_install']
[0.219s] Level 1:colcon.colcon_core.package_identification:_identify(src/ros2) by extension 'ignore'
[0.219s] Level 1:colcon.colcon_core.package_identification:_identify(src/ros2) by extension 'ignore_ament_install'
[0.219s] Level 1:colcon.colcon_core.package_identification:_identify(src/ros2) by extensions ['colcon_pkg']
[0.219s] Level 1:colcon.colcon_core.package_identification:_identify(src/ros2) by extension 'colcon_pkg'
[0.220s] Level 1:colcon.colcon_core.package_identification:_identify(src/ros2) by extensions ['colcon_meta']
[0.220s] Level 1:colcon.colcon_core.package_identification:_identify(src/ros2) by extension 'colcon_meta'
[0.220s] Level 1:colcon.colcon_core.package_identification:_identify(src/ros2) by extensions ['ros']
[0.220s] Level 1:colcon.colcon_core.package_identification:_identify(src/ros2) by extension 'ros'
[0.220s] Level 1:colcon.colcon_core.package_identification:_identify(src/ros2) by extensions ['cmake', 'python']
[0.220s] Level 1:colcon.colcon_core.package_identification:_identify(src/ros2) by extension 'cmake'
[0.220s] Level 1:colcon.colcon_core.package_identification:_identify(src/ros2) by extension 'python'
[0.220s] Level 1:colcon.colcon_core.package_identification:_identify(src/ros2) by extensions ['python_setup_py']
[0.220s] Level 1:colcon.colcon_core.package_identification:_identify(src/ros2) by extension 'python_setup_py'
[0.220s] Level 1:colcon.colcon_core.package_identification:_identify(src/ros2/human_detection) by extensions ['ignore', 'ignore_ament_install']
[0.220s] Level 1:colcon.colcon_core.package_identification:_identify(src/ros2/human_detection) by extension 'ignore'
[0.220s] Level 1:colcon.colcon_core.package_identification:_identify(src/ros2/human_detection) by extension 'ignore_ament_install'
[0.220s] Level 1:colcon.colcon_core.package_identification:_identify(src/ros2/human_detection) by extensions ['colcon_pkg']
[0.220s] Level 1:colcon.colcon_core.package_identification:_identify(src/ros2/human_detection) by extension 'colcon_pkg'
[0.220s] Level 1:colcon.colcon_core.package_identification:_identify(src/ros2/human_detection) by extensions ['colcon_meta']
[0.220s] Level 1:colcon.colcon_core.package_identification:_identify(src/ros2/human_detection) by extension 'colcon_meta'
[0.220s] Level 1:colcon.colcon_core.package_identification:_identify(src/ros2/human_detection) by extensions ['ros']
[0.220s] Level 1:colcon.colcon_core.package_identification:_identify(src/ros2/human_detection) by extension 'ros'
[0.221s] DEBUG:colcon.colcon_core.package_identification:Package 'src/ros2/human_detection' with type 'ros.ament_cmake' and name 'human_detection'
[0.222s] Level 1:colcon.colcon_core.package_identification:_identify(src/ros2/navigation_slam) by extensions ['ignore', 'ignore_ament_install']
[0.222s] Level 1:colcon.colcon_core.package_identification:_identify(src/ros2/navigation_slam) by extension 'ignore'
[0.222s] Level 1:colcon.colcon_core.package_identification:_identify(src/ros2/navigation_slam) by extension 'ignore_ament_install'
[0.222s] Level 1:colcon.colcon_core.package_identification:_identify(src/ros2/navigation_slam) by extensions ['colcon_pkg']
[0.222s] Level 1:colcon.colcon_core.package_identification:_identify(src/ros2/navigation_slam) by extension 'colcon_pkg'
[0.222s] Level 1:colcon.colcon_core.package_identification:_identify(src/ros2/navigation_slam) by extensions ['colcon_meta']
[0.222s] Level 1:colcon.colcon_core.package_identification:_identify(src/ros2/navigation_slam) by extension 'colcon_meta'
[0.222s] Level 1:colcon.colcon_core.package_identification:_identify(src/ros2/navigation_slam) by extensions ['ros']
[0.222s] Level 1:colcon.colcon_core.package_identification:_identify(src/ros2/navigation_slam) by extension 'ros'
[0.222s] DEBUG:colcon.colcon_core.package_identification:Package 'src/ros2/navigation_slam' with type 'ros.catkin' and name 'navigation_slam'
[0.222s] Level 1:colcon.colcon_core.package_identification:_identify(worlds) by extensions ['ignore', 'ignore_ament_install']
[0.222s] Level 1:colcon.colcon_core.package_identification:_identify(worlds) by extension 'ignore'
[0.222s] Level 1:colcon.colcon_core.package_identification:_identify(worlds) by extension 'ignore_ament_install'
[0.223s] Level 1:colcon.colcon_core.package_identification:_identify(worlds) by extensions ['colcon_pkg']
[0.223s] Level 1:colcon.colcon_core.package_identification:_identify(worlds) by extension 'colcon_pkg'
[0.223s] Level 1:colcon.colcon_core.package_identification:_identify(worlds) by extensions ['colcon_meta']
[0.223s] Level 1:colcon.colcon_core.package_identification:_identify(worlds) by extension 'colcon_meta'
[0.223s] Level 1:colcon.colcon_core.package_identification:_identify(worlds) by extensions ['ros']
[0.223s] Level 1:colcon.colcon_core.package_identification:_identify(worlds) by extension 'ros'
[0.223s] Level 1:colcon.colcon_core.package_identification:_identify(worlds) by extensions ['cmake', 'python']
[0.223s] Level 1:colcon.colcon_core.package_identification:_identify(worlds) by extension 'cmake'
[0.223s] Level 1:colcon.colcon_core.package_identification:_identify(worlds) by extension 'python'
[0.223s] Level 1:colcon.colcon_core.package_identification:_identify(worlds) by extensions ['python_setup_py']
[0.223s] Level 1:colcon.colcon_core.package_identification:_identify(worlds) by extension 'python_setup_py'
[0.223s] Level 1:colcon.colcon_core.package_discovery:discover_packages(recursive) using defaults
[0.223s] Level 1:colcon.colcon_core.package_discovery:discover_packages(ignore) discover
[0.223s] Level 1:colcon.colcon_core.package_discovery:discover_packages(ignore) using defaults
[0.223s] Level 1:colcon.colcon_core.package_discovery:discover_packages(path) discover
[0.223s] Level 1:colcon.colcon_core.package_discovery:discover_packages(path) using defaults
[0.233s] Level 1:colcon.colcon_core.package_discovery:discover_packages(prefix_path) check parameters
[0.233s] Level 1:colcon.colcon_core.package_discovery:discover_packages(prefix_path) discover
[0.234s] DEBUG:colcon.colcon_installed_package_information.package_discovery:Found 2 installed packages in /home/tishan-kashmeera/Desktop/disaster_response-drone_simulation/install
[0.235s] DEBUG:colcon.colcon_installed_package_information.package_discovery:Found 329 installed packages in /opt/ros/foxy
[0.236s] Level 1:colcon.colcon_core.package_discovery:discover_packages(prefix_path) using defaults
[0.280s] Level 5:colcon.colcon_core.verb:set package 'human_detection' build argument 'cmake_args' from command line to 'None'
[0.280s] Level 5:colcon.colcon_core.verb:set package 'human_detection' build argument 'cmake_target' from command line to 'None'
[0.281s] Level 5:colcon.colcon_core.verb:set package 'human_detection' build argument 'cmake_target_skip_unavailable' from command line to 'False'
[0.281s] Level 5:colcon.colcon_core.verb:set package 'human_detection' build argument 'cmake_clean_cache' from command line to 'False'
[0.281s] Level 5:colcon.colcon_core.verb:set package 'human_detection' build argument 'cmake_clean_first' from command line to 'False'
[0.281s] Level 5:colcon.colcon_core.verb:set package 'human_detection' build argument 'cmake_force_configure' from command line to 'False'
[0.281s] Level 5:colcon.colcon_core.verb:set package 'human_detection' build argument 'ament_cmake_args' from command line to 'None'
[0.281s] Level 5:colcon.colcon_core.verb:set package 'human_detection' build argument 'catkin_cmake_args' from command line to 'None'
[0.281s] Level 5:colcon.colcon_core.verb:set package 'human_detection' build argument 'catkin_skip_building_tests' from command line to 'False'
[0.281s] DEBUG:colcon.colcon_core.verb:Building package 'human_detection' with the following arguments: {'ament_cmake_args': None, 'build_base': '/home/tishan-kashmeera/Desktop/disaster_response-drone_simulation/build/human_detection', 'catkin_cmake_args': None, 'catkin_skip_building_tests': False, 'cmake_args': None, 'cmake_clean_cache': False, 'cmake_clean_first': False, 'cmake_force_configure': False, 'cmake_target': None, 'cmake_target_skip_unavailable': False, 'install_base': '/home/tishan-kashmeera/Desktop/disaster_response-drone_simulation/install/human_detection', 'merge_install': False, 'path': '/home/tishan-kashmeera/Desktop/disaster_response-drone_simulation/src/ros2/human_detection', 'symlink_install': False, 'test_result_base': None}
[0.281s] Level 5:colcon.colcon_core.verb:set package 'navigation_slam' build argument 'cmake_args' from command line to 'None'
[0.281s] Level 5:colcon.colcon_core.verb:set package 'navigation_slam' build argument 'cmake_target' from command line to 'None'
[0.281s] Level 5:colcon.colcon_core.verb:set package 'navigation_slam' build argument 'cmake_target_skip_unavailable' from command line to 'False'
[0.281s] Level 5:colcon.colcon_core.verb:set package 'navigation_slam' build argument 'cmake_clean_cache' from command line to 'False'
[0.281s] Level 5:colcon.colcon_core.verb:set package 'navigation_slam' build argument 'cmake_clean_first' from command line to 'False'
[0.281s] Level 5:colcon.colcon_core.verb:set package 'navigation_slam' build argument 'cmake_force_configure' from command line to 'False'
[0.281s] Level 5:colcon.colcon_core.verb:set package 'navigation_slam' build argument 'ament_cmake_args' from command line to 'None'
[0.281s] Level 5:colcon.colcon_core.verb:set package 'navigation_slam' build argument 'catkin_cmake_args' from command line to 'None'
[0.281s] Level 5:colcon.colcon_core.verb:set package 'navigation_slam' build argument 'catkin_skip_building_tests' from command line to 'False'
[0.281s] DEBUG:colcon.colcon_core.verb:Building package 'navigation_slam' with the following arguments: {'ament_cmake_args': None, 'build_base': '/home/tishan-kashmeera/Desktop/disaster_response-drone_simulation/build/navigation_slam', 'catkin_cmake_args': None, 'catkin_skip_building_tests': False, 'cmake_args': None, 'cmake_clean_cache': False, 'cmake_clean_first': False, 'cmake_force_configure': False, 'cmake_target': None, 'cmake_target_skip_unavailable': False, 'install_base': '/home/tishan-kashmeera/Desktop/disaster_response-drone_simulation/install/navigation_slam', 'merge_install': False, 'path': '/home/tishan-kashmeera/Desktop/disaster_response-drone_simulation/src/ros2/navigation_slam', 'symlink_install': False, 'test_result_base': None}
[0.281s] INFO:colcon.colcon_core.executor:Executing jobs using 'parallel' executor
[0.282s] DEBUG:colcon.colcon_parallel_executor.executor.parallel:run_until_complete
[0.282s] INFO:colcon.colcon_ros.task.ament_cmake.build:Building ROS package in '/home/tishan-kashmeera/Desktop/disaster_response-drone_simulation/src/ros2/human_detection' with build type 'ament_cmake'
[0.282s] INFO:colcon.colcon_cmake.task.cmake.build:Building CMake package in '/home/tishan-kashmeera/Desktop/disaster_response-drone_simulation/src/ros2/human_detection'
[0.283s] INFO:colcon.colcon_core.plugin_system:Skipping extension 'colcon_core.shell.bat': Not used on non-Windows systems
[0.284s] INFO:colcon.colcon_core.shell:Skip shell extension 'powershell' for command environment: Not usable outside of PowerShell
[0.284s] DEBUG:colcon.colcon_core.shell:Skip shell extension 'dsv' for command environment
[0.287s] INFO:colcon.colcon_ros.task.catkin.build:Building ROS package in '/home/tishan-kashmeera/Desktop/disaster_response-drone_simulation/src/ros2/navigation_slam' with build type 'catkin'
[0.287s] INFO:colcon.colcon_cmake.task.cmake.build:Building CMake package in '/home/tishan-kashmeera/Desktop/disaster_response-drone_simulation/src/ros2/navigation_slam'
[0.288s] INFO:colcon.colcon_core.shell:Skip shell extension 'powershell' for command environment: Not usable outside of PowerShell
[0.288s] DEBUG:colcon.colcon_core.shell:Skip shell extension 'dsv' for command environment
[0.298s] DEBUG:colcon.colcon_core.event_handler.log_command:Invoking command in '/home/tishan-kashmeera/Desktop/disaster_response-drone_simulation/build/human_detection': CMAKE_PREFIX_PATH=${CMAKE_PREFIX_PATH}:/opt/ros/foxy /usr/bin/cmake --build /home/tishan-kashmeera/Desktop/disaster_response-drone_simulation/build/human_detection -- -j8 -l8
[0.302s] DEBUG:colcon.colcon_core.event_handler.log_command:Invoking command in '/home/tishan-kashmeera/Desktop/disaster_response-drone_simulation/build/navigation_slam': /usr/bin/cmake /home/tishan-kashmeera/Desktop/disaster_response-drone_simulation/src/ros2/navigation_slam -DCATKIN_INSTALL_INTO_PREFIX_ROOT=0 -DCMAKE_INSTALL_PREFIX=/home/tishan-kashmeera/Desktop/disaster_response-drone_simulation/install/navigation_slam
[0.326s] DEBUG:colcon.colcon_core.event_handler.log_command:Invoked command in '/home/tishan-kashmeera/Desktop/disaster_response-drone_simulation/build/human_detection' returned '0': CMAKE_PREFIX_PATH=${CMAKE_PREFIX_PATH}:/opt/ros/foxy /usr/bin/cmake --build /home/tishan-kashmeera/Desktop/disaster_response-drone_simulation/build/human_detection -- -j8 -l8
[0.349s] DEBUG:colcon.colcon_core.event_handler.log_command:Invoking command in '/home/tishan-kashmeera/Desktop/disaster_response-drone_simulation/build/human_detection': CMAKE_PREFIX_PATH=${CMAKE_PREFIX_PATH}:/opt/ros/foxy /usr/bin/cmake --install /home/tishan-kashmeera/Desktop/disaster_response-drone_simulation/build/human_detection
[0.356s] Level 1:colcon.colcon_core.environment:create_environment_scripts_only(human_detection)
[0.357s] DEBUG:colcon.colcon_core.event_handler.log_command:Invoked command in '/home/tishan-kashmeera/Desktop/disaster_response-drone_simulation/build/human_detection' returned '0': CMAKE_PREFIX_PATH=${CMAKE_PREFIX_PATH}:/opt/ros/foxy /usr/bin/cmake --install /home/tishan-kashmeera/Desktop/disaster_response-drone_simulation/build/human_detection
[0.358s] Level 1:colcon.colcon_core.environment:checking '/home/tishan-kashmeera/Desktop/disaster_response-drone_simulation/install/human_detection' for CMake module files
[0.358s] Level 1:colcon.colcon_core.environment:checking '/home/tishan-kashmeera/Desktop/disaster_response-drone_simulation/install/human_detection' for CMake config files
[0.358s] Level 1:colcon.colcon_core.shell:create_environment_hook('human_detection', 'cmake_prefix_path')
[0.359s] INFO:colcon.colcon_core.shell:Creating environment hook '/home/tishan-kashmeera/Desktop/disaster_response-drone_simulation/install/human_detection/share/human_detection/hook/cmake_prefix_path.ps1'
[0.359s] INFO:colcon.colcon_core.shell:Creating environment descriptor '/home/tishan-kashmeera/Desktop/disaster_response-drone_simulation/install/human_detection/share/human_detection/hook/cmake_prefix_path.dsv'
[0.359s] INFO:colcon.colcon_core.shell:Creating environment hook '/home/tishan-kashmeera/Desktop/disaster_response-drone_simulation/install/human_detection/share/human_detection/hook/cmake_prefix_path.sh'
[0.360s] Level 1:colcon.colcon_core.environment:checking '/home/tishan-kashmeera/Desktop/disaster_response-drone_simulation/install/human_detection/bin'
[0.360s] Level 1:colcon.colcon_core.environment:checking '/home/tishan-kashmeera/Desktop/disaster_response-drone_simulation/install/human_detection/lib/pkgconfig/human_detection.pc'
[0.360s] Level 1:colcon.colcon_core.environment:checking '/home/tishan-kashmeera/Desktop/disaster_response-drone_simulation/install/human_detection/lib/python3.8/site-packages'
[0.360s] Level 1:colcon.colcon_core.environment:checking '/home/tishan-kashmeera/Desktop/disaster_response-drone_simulation/install/human_detection/bin'
[0.360s] INFO:colcon.colcon_core.shell:Creating package script '/home/tishan-kashmeera/Desktop/disaster_response-drone_simulation/install/human_detection/share/human_detection/package.ps1'
[0.361s] INFO:colcon.colcon_core.shell:Creating package descriptor '/home/tishan-kashmeera/Desktop/disaster_response-drone_simulation/install/human_detection/share/human_detection/package.dsv'
[0.361s] INFO:colcon.colcon_core.shell:Creating package script '/home/tishan-kashmeera/Desktop/disaster_response-drone_simulation/install/human_detection/share/human_detection/package.sh'
[0.362s] INFO:colcon.colcon_core.shell:Creating package script '/home/tishan-kashmeera/Desktop/disaster_response-drone_simulation/install/human_detection/share/human_detection/package.bash'
[0.362s] INFO:colcon.colcon_core.shell:Creating package script '/home/tishan-kashmeera/Desktop/disaster_response-drone_simulation/install/human_detection/share/human_detection/package.zsh'
[0.362s] Level 1:colcon.colcon_core.environment:create_file_with_runtime_dependencies(/home/tishan-kashmeera/Desktop/disaster_response-drone_simulation/install/human_detection/share/colcon-core/packages/human_detection)
[0.376s] Level 1:colcon.colcon_core.environment:create_environment_scripts_only(human_detection)
[0.376s] Level 1:colcon.colcon_core.environment:checking '/home/tishan-kashmeera/Desktop/disaster_response-drone_simulation/install/human_detection' for CMake module files
[0.376s] Level 1:colcon.colcon_core.environment:checking '/home/tishan-kashmeera/Desktop/disaster_response-drone_simulation/install/human_detection' for CMake config files
[0.377s] Level 1:colcon.colcon_core.shell:create_environment_hook('human_detection', 'cmake_prefix_path')
[0.377s] INFO:colcon.colcon_core.shell:Creating environment hook '/home/tishan-kashmeera/Desktop/disaster_response-drone_simulation/install/human_detection/share/human_detection/hook/cmake_prefix_path.ps1'
[0.377s] INFO:colcon.colcon_core.shell:Creating environment descriptor '/home/tishan-kashmeera/Desktop/disaster_response-drone_simulation/install/human_detection/share/human_detection/hook/cmake_prefix_path.dsv'
[0.377s] INFO:colcon.colcon_core.shell:Creating environment hook '/home/tishan-kashmeera/Desktop/disaster_response-drone_simulation/install/human_detection/share/human_detection/hook/cmake_prefix_path.sh'
[0.378s] Level 1:colcon.colcon_core.environment:checking '/home/tishan-kashmeera/Desktop/disaster_response-drone_simulation/install/human_detection/bin'
[0.378s] Level 1:colcon.colcon_core.environment:checking '/home/tishan-kashmeera/Desktop/disaster_response-drone_simulation/install/human_detection/lib/pkgconfig/human_detection.pc'
[0.378s] Level 1:colcon.colcon_core.environment:checking '/home/tishan-kashmeera/Desktop/disaster_response-drone_simulation/install/human_detection/lib/python3.8/site-packages'
[0.378s] Level 1:colcon.colcon_core.environment:checking '/home/tishan-kashmeera/Desktop/disaster_response-drone_simulation/install/human_detection/bin'
[0.378s] INFO:colcon.colcon_core.shell:Creating package script '/home/tishan-kashmeera/Desktop/disaster_response-drone_simulation/install/human_detection/share/human_detection/package.ps1'
[0.379s] INFO:colcon.colcon_core.shell:Creating package descriptor '/home/tishan-kashmeera/Desktop/disaster_response-drone_simulation/install/human_detection/share/human_detection/package.dsv'
[0.379s] INFO:colcon.colcon_core.shell:Creating package script '/home/tishan-kashmeera/Desktop/disaster_response-drone_simulation/install/human_detection/share/human_detection/package.sh'
[0.379s] INFO:colcon.colcon_core.shell:Creating package script '/home/tishan-kashmeera/Desktop/disaster_response-drone_simulation/install/human_detection/share/human_detection/package.bash'
[0.379s] INFO:colcon.colcon_core.shell:Creating package script '/home/tishan-kashmeera/Desktop/disaster_response-drone_simulation/install/human_detection/share/human_detection/package.zsh'
[0.379s] Level 1:colcon.colcon_core.environment:create_file_with_runtime_dependencies(/home/tishan-kashmeera/Desktop/disaster_response-drone_simulation/install/human_detection/share/colcon-core/packages/human_detection)
[1.663s] DEBUG:colcon.colcon_core.event_handler.log_command:Invoked command in '/home/tishan-kashmeera/Desktop/disaster_response-drone_simulation/build/navigation_slam' returned '0': /usr/bin/cmake /home/tishan-kashmeera/Desktop/disaster_response-drone_simulation/src/ros2/navigation_slam -DCATKIN_INSTALL_INTO_PREFIX_ROOT=0 -DCMAKE_INSTALL_PREFIX=/home/tishan-kashmeera/Desktop/disaster_response-drone_simulation/install/navigation_slam
[1.664s] DEBUG:colcon.colcon_core.event_handler.log_command:Invoking command in '/home/tishan-kashmeera/Desktop/disaster_response-drone_simulation/build/navigation_slam': /usr/bin/cmake --build /home/tishan-kashmeera/Desktop/disaster_response-drone_simulation/build/navigation_slam -- -j8 -l8
[1.691s] DEBUG:colcon.colcon_core.event_handler.log_command:Invoked command in '/home/tishan-kashmeera/Desktop/disaster_response-drone_simulation/build/navigation_slam' returned '0': /usr/bin/cmake --build /home/tishan-kashmeera/Desktop/disaster_response-drone_simulation/build/navigation_slam -- -j8 -l8
[1.719s] DEBUG:colcon.colcon_core.event_handler.log_command:Invoking command in '/home/tishan-kashmeera/Desktop/disaster_response-drone_simulation/build/navigation_slam': /usr/bin/cmake --install /home/tishan-kashmeera/Desktop/disaster_response-drone_simulation/build/navigation_slam
[1.726s] DEBUG:colcon.colcon_core.event_handler.log_command:Invoked command in '/home/tishan-kashmeera/Desktop/disaster_response-drone_simulation/build/navigation_slam' returned '1': /usr/bin/cmake --install /home/tishan-kashmeera/Desktop/disaster_response-drone_simulation/build/navigation_slam
[1.740s] Level 1:colcon.colcon_core.shell:create_environment_hook('navigation_slam', 'ros_package_path')
[1.740s] INFO:colcon.colcon_core.shell:Creating environment hook '/home/tishan-kashmeera/Desktop/disaster_response-drone_simulation/install/navigation_slam/share/navigation_slam/hook/ros_package_path.ps1'
[1.740s] INFO:colcon.colcon_core.shell:Creating environment descriptor '/home/tishan-kashmeera/Desktop/disaster_response-drone_simulation/install/navigation_slam/share/navigation_slam/hook/ros_package_path.dsv'
[1.740s] INFO:colcon.colcon_core.shell:Creating environment hook '/home/tishan-kashmeera/Desktop/disaster_response-drone_simulation/install/navigation_slam/share/navigation_slam/hook/ros_package_path.sh'
[1.741s] Level 1:colcon.colcon_core.shell:create_environment_hook('navigation_slam', 'pkg_config_path')
[1.741s] INFO:colcon.colcon_core.shell:Creating environment hook '/home/tishan-kashmeera/Desktop/disaster_response-drone_simulation/install/navigation_slam/share/navigation_slam/hook/pkg_config_path.ps1'
[1.741s] INFO:colcon.colcon_core.shell:Creating environment descriptor '/home/tishan-kashmeera/Desktop/disaster_response-drone_simulation/install/navigation_slam/share/navigation_slam/hook/pkg_config_path.dsv'
[1.741s] INFO:colcon.colcon_core.shell:Creating environment hook '/home/tishan-kashmeera/Desktop/disaster_response-drone_simulation/install/navigation_slam/share/navigation_slam/hook/pkg_config_path.sh'
[1.744s] Level 1:colcon.colcon_core.shell:create_environment_hook('navigation_slam', 'pkg_config_path_multiarch')
[1.744s] INFO:colcon.colcon_core.shell:Creating environment hook '/home/tishan-kashmeera/Desktop/disaster_response-drone_simulation/install/navigation_slam/share/navigation_slam/hook/pkg_config_path_multiarch.ps1'
[1.744s] INFO:colcon.colcon_core.shell:Creating environment descriptor '/home/tishan-kashmeera/Desktop/disaster_response-drone_simulation/install/navigation_slam/share/navigation_slam/hook/pkg_config_path_multiarch.dsv'
[1.744s] INFO:colcon.colcon_core.shell:Creating environment hook '/home/tishan-kashmeera/Desktop/disaster_response-drone_simulation/install/navigation_slam/share/navigation_slam/hook/pkg_config_path_multiarch.sh'
[1.745s] Level 1:colcon.colcon_core.environment:create_environment_scripts_only(navigation_slam)
[1.745s] Level 1:colcon.colcon_core.environment:checking '/home/tishan-kashmeera/Desktop/disaster_response-drone_simulation/install/navigation_slam' for CMake module files
[1.745s] Level 1:colcon.colcon_core.environment:checking '/home/tishan-kashmeera/Desktop/disaster_response-drone_simulation/install/navigation_slam' for CMake config files
[1.746s] Level 1:colcon.colcon_core.shell:create_environment_hook('navigation_slam', 'cmake_prefix_path')
[1.746s] INFO:colcon.colcon_core.shell:Creating environment hook '/home/tishan-kashmeera/Desktop/disaster_response-drone_simulation/install/navigation_slam/share/navigation_slam/hook/cmake_prefix_path.ps1'
[1.746s] INFO:colcon.colcon_core.shell:Creating environment descriptor '/home/tishan-kashmeera/Desktop/disaster_response-drone_simulation/install/navigation_slam/share/navigation_slam/hook/cmake_prefix_path.dsv'
[1.746s] INFO:colcon.colcon_core.shell:Creating environment hook '/home/tishan-kashmeera/Desktop/disaster_response-drone_simulation/install/navigation_slam/share/navigation_slam/hook/cmake_prefix_path.sh'
[1.746s] Level 1:colcon.colcon_core.environment:checking '/home/tishan-kashmeera/Desktop/disaster_response-drone_simulation/install/navigation_slam/lib'
[1.746s] Level 1:colcon.colcon_core.environment:checking '/home/tishan-kashmeera/Desktop/disaster_response-drone_simulation/install/navigation_slam/bin'
[1.747s] Level 1:colcon.colcon_core.environment:checking '/home/tishan-kashmeera/Desktop/disaster_response-drone_simulation/install/navigation_slam/lib/pkgconfig/navigation_slam.pc'
[1.747s] Level 1:colcon.colcon_core.environment:checking '/home/tishan-kashmeera/Desktop/disaster_response-drone_simulation/install/navigation_slam/lib/python3.8/site-packages'
[1.747s] Level 1:colcon.colcon_core.environment:checking '/home/tishan-kashmeera/Desktop/disaster_response-drone_simulation/install/navigation_slam/bin'
[1.747s] INFO:colcon.colcon_core.shell:Creating package script '/home/tishan-kashmeera/Desktop/disaster_response-drone_simulation/install/navigation_slam/share/navigation_slam/package.ps1'
[1.747s] INFO:colcon.colcon_core.shell:Creating package descriptor '/home/tishan-kashmeera/Desktop/disaster_response-drone_simulation/install/navigation_slam/share/navigation_slam/package.dsv'
[1.748s] INFO:colcon.colcon_core.shell:Creating package script '/home/tishan-kashmeera/Desktop/disaster_response-drone_simulation/install/navigation_slam/share/navigation_slam/package.sh'
[1.748s] INFO:colcon.colcon_core.shell:Creating package script '/home/tishan-kashmeera/Desktop/disaster_response-drone_simulation/install/navigation_slam/share/navigation_slam/package.bash'
[1.748s] INFO:colcon.colcon_core.shell:Creating package script '/home/tishan-kashmeera/Desktop/disaster_response-drone_simulation/install/navigation_slam/share/navigation_slam/package.zsh'
[1.748s] Level 1:colcon.colcon_core.environment:create_file_with_runtime_dependencies(/home/tishan-kashmeera/Desktop/disaster_response-drone_simulation/install/navigation_slam/share/colcon-core/packages/navigation_slam)
[1.759s] DEBUG:colcon.colcon_parallel_executor.executor.parallel:closing loop
[1.759s] DEBUG:colcon.colcon_parallel_executor.executor.parallel:loop closed
[1.759s] DEBUG:colcon.colcon_parallel_executor.executor.parallel:run_until_complete finished with '1'
[1.759s] DEBUG:colcon.colcon_core.event_reactor:joining thread
[1.763s] INFO:colcon.colcon_core.plugin_system:Skipping extension 'colcon_notification.desktop_notification.terminal_notifier': Not used on non-Darwin systems
[1.763s] INFO:colcon.colcon_core.plugin_system:Skipping extension 'colcon_notification.desktop_notification.win32': Not used on non-Windows systems
[1.763s] INFO:colcon.colcon_notification.desktop_notification:Sending desktop notification using 'notify2'
[1.774s] DEBUG:colcon.colcon_core.event_reactor:joined thread
[1.774s] INFO:colcon.colcon_core.shell:Creating prefix script '/home/tishan-kashmeera/Desktop/disaster_response-drone_simulation/install/local_setup.ps1'
[1.775s] INFO:colcon.colcon_core.shell:Creating prefix util module '/home/tishan-kashmeera/Desktop/disaster_response-drone_simulation/install/_local_setup_util_ps1.py'
[1.776s] INFO:colcon.colcon_core.shell:Creating prefix chain script '/home/tishan-kashmeera/Desktop/disaster_response-drone_simulation/install/setup.ps1'
[1.777s] INFO:colcon.colcon_core.shell:Creating prefix script '/home/tishan-kashmeera/Desktop/disaster_response-drone_simulation/install/local_setup.sh'
[1.777s] INFO:colcon.colcon_core.shell:Creating prefix util module '/home/tishan-kashmeera/Desktop/disaster_response-drone_simulation/install/_local_setup_util_sh.py'
[1.778s] INFO:colcon.colcon_core.shell:Creating prefix chain script '/home/tishan-kashmeera/Desktop/disaster_response-drone_simulation/install/setup.sh'
[1.778s] INFO:colcon.colcon_core.shell:Creating prefix script '/home/tishan-kashmeera/Desktop/disaster_response-drone_simulation/install/local_setup.bash'
[1.779s] INFO:colcon.colcon_core.shell:Creating prefix chain script '/home/tishan-kashmeera/Desktop/disaster_response-drone_simulation/install/setup.bash'
[1.779s] INFO:colcon.colcon_core.shell:Creating prefix script '/home/tishan-kashmeera/Desktop/disaster_response-drone_simulation/install/local_setup.zsh'
[1.780s] INFO:colcon.colcon_core.shell:Creating prefix chain script '/home/tishan-kashmeera/Desktop/disaster_response-drone_simulation/install/setup.zsh'
