[0.012s] Invoking command in '/home/tishan-kashmeera/Desktop/disaster_response-drone_simulation/build/human_detection': /usr/bin/cmake --build /home/tishan-kashmeera/Desktop/disaster_response-drone_simulation/build/human_detection -- -j8 -l8
[0.038s] Invoked command in '/home/tishan-kashmeera/Desktop/disaster_response-drone_simulation/build/human_detection' returned '0': /usr/bin/cmake --build /home/tishan-kashmeera/Desktop/disaster_response-drone_simulation/build/human_detection -- -j8 -l8
[0.075s] Invoking command in '/home/tishan-kashmeera/Desktop/disaster_response-drone_simulation/build/human_detection': /usr/bin/cmake --install /home/tishan-kashmeera/Desktop/disaster_response-drone_simulation/build/human_detection
[0.081s] -- Install configuration: ""
[0.081s] -- Up-to-date: /home/tishan-kashmeera/Desktop/disaster_response-drone_simulation/install/human_detection/lib/human_detection/human_detection_node.py
[0.081s] -- Up-to-date: /home/tishan-kashmeera/Desktop/disaster_response-drone_simulation/install/human_detection/share/ament_index/resource_index/package_run_dependencies/human_detection
[0.081s] -- Up-to-date: /home/tishan-kashmeera/Desktop/disaster_response-drone_simulation/install/human_detection/share/ament_index/resource_index/parent_prefix_path/human_detection
[0.081s] -- Up-to-date: /home/tishan-kashmeera/Desktop/disaster_response-drone_simulation/install/human_detection/share/human_detection/environment/ament_prefix_path.sh
[0.081s] -- Up-to-date: /home/tishan-kashmeera/Desktop/disaster_response-drone_simulation/install/human_detection/share/human_detection/environment/ament_prefix_path.dsv
[0.081s] -- Up-to-date: /home/tishan-kashmeera/Desktop/disaster_response-drone_simulation/install/human_detection/share/human_detection/environment/path.sh
[0.081s] -- Up-to-date: /home/tishan-kashmeera/Desktop/disaster_response-drone_simulation/install/human_detection/share/human_detection/environment/path.dsv
[0.081s] -- Up-to-date: /home/tishan-kashmeera/Desktop/disaster_response-drone_simulation/install/human_detection/share/human_detection/local_setup.bash
[0.081s] -- Up-to-date: /home/tishan-kashmeera/Desktop/disaster_response-drone_simulation/install/human_detection/share/human_detection/local_setup.sh
[0.082s] -- Up-to-date: /home/tishan-kashmeera/Desktop/disaster_response-drone_simulation/install/human_detection/share/human_detection/local_setup.zsh
[0.082s] -- Up-to-date: /home/tishan-kashmeera/Desktop/disaster_response-drone_simulation/install/human_detection/share/human_detection/local_setup.dsv
[0.082s] -- Installing: /home/tishan-kashmeera/Desktop/disaster_response-drone_simulation/install/human_detection/share/human_detection/package.dsv
[0.082s] -- Up-to-date: /home/tishan-kashmeera/Desktop/disaster_response-drone_simulation/install/human_detection/share/ament_index/resource_index/packages/human_detection
[0.082s] -- Up-to-date: /home/tishan-kashmeera/Desktop/disaster_response-drone_simulation/install/human_detection/share/human_detection/cmake/human_detectionConfig.cmake
[0.082s] -- Up-to-date: /home/tishan-kashmeera/Desktop/disaster_response-drone_simulation/install/human_detection/share/human_detection/cmake/human_detectionConfig-version.cmake
[0.082s] -- Up-to-date: /home/tishan-kashmeera/Desktop/disaster_response-drone_simulation/install/human_detection/share/human_detection/package.xml
[0.085s] Invoked command in '/home/tishan-kashmeera/Desktop/disaster_response-drone_simulation/build/human_detection' returned '0': /usr/bin/cmake --install /home/tishan-kashmeera/Desktop/disaster_response-drone_simulation/build/human_detection
