-- Found ament_cmake: 0.9.12 (/opt/ros/foxy/share/ament_cmake/cmake)
-- Using PYTHON_EXECUTABLE: /usr/bin/python3
-- Found rclpy: 1.0.13 (/opt/ros/foxy/share/rclpy/cmake)
-- Found sensor_msgs: 2.0.5 (/opt/ros/foxy/share/sensor_msgs/cmake)
-- Using all available rosidl_typesupport_c: rosidl_typesupport_fastrtps_c;rosidl_typesupport_introspection_c
-- Found rosidl_adapter: 1.3.1 (/opt/ros/foxy/share/rosidl_adapter/cmake)
-- Found OpenSSL: /usr/lib/x86_64-linux-gnu/libcrypto.so (found version "1.1.1f")  
-- Found FastRTPS: /opt/ros/foxy/include  
-- Using all available rosidl_typesupport_cpp: rosidl_typesupport_fastrtps_cpp;rosidl_typesupport_introspection_cpp
-- Configuring done
-- Generating done
-- Build files have been written to: /home/tishan-kashmeera/Desktop/disaster_response-drone_simulation/build/human_detection
-- Install configuration: ""
-- Installing: /home/tishan-kashmeera/Desktop/disaster_response-drone_simulation/install/human_detection/lib/human_detection/human_detection_node.py
-- Installing: /home/tishan-kashmeera/Desktop/disaster_response-drone_simulation/install/human_detection/share/ament_index/resource_index/package_run_dependencies/human_detection
-- Installing: /home/tishan-kashmeera/Desktop/disaster_response-drone_simulation/install/human_detection/share/ament_index/resource_index/parent_prefix_path/human_detection
-- Up-to-date: /home/tishan-kashmeera/Desktop/disaster_response-drone_simulation/install/human_detection/share/human_detection/environment/ament_prefix_path.sh
-- Installing: /home/tishan-kashmeera/Desktop/disaster_response-drone_simulation/install/human_detection/share/human_detection/environment/ament_prefix_path.dsv
-- Up-to-date: /home/tishan-kashmeera/Desktop/disaster_response-drone_simulation/install/human_detection/share/human_detection/environment/path.sh
-- Installing: /home/tishan-kashmeera/Desktop/disaster_response-drone_simulation/install/human_detection/share/human_detection/environment/path.dsv
-- Up-to-date: /home/tishan-kashmeera/Desktop/disaster_response-drone_simulation/install/human_detection/share/human_detection/local_setup.bash
-- Up-to-date: /home/tishan-kashmeera/Desktop/disaster_response-drone_simulation/install/human_detection/share/human_detection/local_setup.sh
-- Up-to-date: /home/tishan-kashmeera/Desktop/disaster_response-drone_simulation/install/human_detection/share/human_detection/local_setup.zsh
-- Installing: /home/tishan-kashmeera/Desktop/disaster_response-drone_simulation/install/human_detection/share/human_detection/local_setup.dsv
-- Installing: /home/tishan-kashmeera/Desktop/disaster_response-drone_simulation/install/human_detection/share/human_detection/package.dsv
-- Up-to-date: /home/tishan-kashmeera/Desktop/disaster_response-drone_simulation/install/human_detection/share/ament_index/resource_index/packages/human_detection
-- Installing: /home/tishan-kashmeera/Desktop/disaster_response-drone_simulation/install/human_detection/share/human_detection/cmake/human_detectionConfig.cmake
-- Installing: /home/tishan-kashmeera/Desktop/disaster_response-drone_simulation/install/human_detection/share/human_detection/cmake/human_detectionConfig-version.cmake
-- Installing: /home/tishan-kashmeera/Desktop/disaster_response-drone_simulation/install/human_detection/share/human_detection/package.xml
