[0.013s] Invoking command in '/home/tishan-kashmeera/Desktop/disaster_response-drone_simulation/build/human_detection': /usr/bin/cmake /home/tishan-kashmeera/Desktop/disaster_response-drone_simulation/src/ros2/human_detection -DCATKIN_INSTALL_INTO_PREFIX_ROOT=0 -DCMAKE_INSTALL_PREFIX=/home/tishan-kashmeera/Desktop/disaster_response-drone_simulation/install/human_detection
[0.023s] -- Found ament_cmake: 0.9.12 (/opt/ros/foxy/share/ament_cmake/cmake)
[0.041s] -- Using PYTHON_EXECUTABLE: /usr/bin/python3
[0.160s] -- Found rclpy: 1.0.13 (/opt/ros/foxy/share/rclpy/cmake)
[0.161s] -- Found sensor_msgs: 2.0.5 (/opt/ros/foxy/share/sensor_msgs/cmake)
[0.181s] -- Using all available rosidl_typesupport_c: rosidl_typesupport_fastrtps_c;rosidl_typesupport_introspection_c
[0.185s] -- Found rosidl_adapter: 1.3.1 (/opt/ros/foxy/share/rosidl_adapter/cmake)
[0.231s] -- Found OpenSSL: /usr/lib/x86_64-linux-gnu/libcrypto.so (found version "1.1.1f")  
[0.252s] -- Found FastRTPS: /opt/ros/foxy/include  
[0.303s] -- Using all available rosidl_typesupport_cpp: rosidl_typesupport_fastrtps_cpp;rosidl_typesupport_introspection_cpp
[0.462s] -- Configuring done
[0.464s] -- Generating done
[0.464s] CMake Warning:
[0.464s]   Manually-specified variables were not used by the project:
[0.465s] 
[0.465s]     CATKIN_INSTALL_INTO_PREFIX_ROOT
[0.465s] 
[0.465s] 
[0.465s] -- Build files have been written to: /home/tishan-kashmeera/Desktop/disaster_response-drone_simulation/build/human_detection
[0.469s] Invoked command in '/home/tishan-kashmeera/Desktop/disaster_response-drone_simulation/build/human_detection' returned '0': /usr/bin/cmake /home/tishan-kashmeera/Desktop/disaster_response-drone_simulation/src/ros2/human_detection -DCATKIN_INSTALL_INTO_PREFIX_ROOT=0 -DCMAKE_INSTALL_PREFIX=/home/tishan-kashmeera/Desktop/disaster_response-drone_simulation/install/human_detection
[0.471s] Invoking command in '/home/tishan-kashmeera/Desktop/disaster_response-drone_simulation/build/human_detection': /usr/bin/cmake --build /home/tishan-kashmeera/Desktop/disaster_response-drone_simulation/build/human_detection -- -j8 -l8
[0.498s] Invoked command in '/home/tishan-kashmeera/Desktop/disaster_response-drone_simulation/build/human_detection' returned '0': /usr/bin/cmake --build /home/tishan-kashmeera/Desktop/disaster_response-drone_simulation/build/human_detection -- -j8 -l8
[0.529s] Invoking command in '/home/tishan-kashmeera/Desktop/disaster_response-drone_simulation/build/human_detection': /usr/bin/cmake --install /home/tishan-kashmeera/Desktop/disaster_response-drone_simulation/build/human_detection
[0.536s] -- Install configuration: ""
[0.536s] -- Installing: /home/tishan-kashmeera/Desktop/disaster_response-drone_simulation/install/human_detection/lib/human_detection/human_detection_node.py
[0.536s] -- Installing: /home/tishan-kashmeera/Desktop/disaster_response-drone_simulation/install/human_detection/share/ament_index/resource_index/package_run_dependencies/human_detection
[0.537s] -- Installing: /home/tishan-kashmeera/Desktop/disaster_response-drone_simulation/install/human_detection/share/ament_index/resource_index/parent_prefix_path/human_detection
[0.537s] -- Up-to-date: /home/tishan-kashmeera/Desktop/disaster_response-drone_simulation/install/human_detection/share/human_detection/environment/ament_prefix_path.sh
[0.537s] -- Installing: /home/tishan-kashmeera/Desktop/disaster_response-drone_simulation/install/human_detection/share/human_detection/environment/ament_prefix_path.dsv
[0.538s] -- Up-to-date: /home/tishan-kashmeera/Desktop/disaster_response-drone_simulation/install/human_detection/share/human_detection/environment/path.sh
[0.538s] -- Installing: /home/tishan-kashmeera/Desktop/disaster_response-drone_simulation/install/human_detection/share/human_detection/environment/path.dsv
[0.538s] -- Up-to-date: /home/tishan-kashmeera/Desktop/disaster_response-drone_simulation/install/human_detection/share/human_detection/local_setup.bash
[0.538s] -- Up-to-date: /home/tishan-kashmeera/Desktop/disaster_response-drone_simulation/install/human_detection/share/human_detection/local_setup.sh
[0.538s] -- Up-to-date: /home/tishan-kashmeera/Desktop/disaster_response-drone_simulation/install/human_detection/share/human_detection/local_setup.zsh
[0.538s] -- Installing: /home/tishan-kashmeera/Desktop/disaster_response-drone_simulation/install/human_detection/share/human_detection/local_setup.dsv
[0.538s] -- Installing: /home/tishan-kashmeera/Desktop/disaster_response-drone_simulation/install/human_detection/share/human_detection/package.dsv
[0.538s] -- Up-to-date: /home/tishan-kashmeera/Desktop/disaster_response-drone_simulation/install/human_detection/share/ament_index/resource_index/packages/human_detection
[0.538s] -- Installing: /home/tishan-kashmeera/Desktop/disaster_response-drone_simulation/install/human_detection/share/human_detection/cmake/human_detectionConfig.cmake
[0.539s] -- Installing: /home/tishan-kashmeera/Desktop/disaster_response-drone_simulation/install/human_detection/share/human_detection/cmake/human_detectionConfig-version.cmake
[0.539s] -- Installing: /home/tishan-kashmeera/Desktop/disaster_response-drone_simulation/install/human_detection/share/human_detection/package.xml
[0.554s] Invoked command in '/home/tishan-kashmeera/Desktop/disaster_response-drone_simulation/build/human_detection' returned '0': /usr/bin/cmake --install /home/tishan-kashmeera/Desktop/disaster_response-drone_simulation/build/human_detection
