[0.018s] Invoking command in '/home/tishan-kashmeera/Desktop/disaster_response-drone_simulation/build/navigation_slam': /usr/bin/cmake --build /home/tishan-kashmeera/Desktop/disaster_response-drone_simulation/build/navigation_slam -- -j8 -l8
[0.051s] Invoked command in '/home/tishan-kashmeera/Desktop/disaster_response-drone_simulation/build/navigation_slam' returned '0': /usr/bin/cmake --build /home/tishan-kashmeera/Desktop/disaster_response-drone_simulation/build/navigation_slam -- -j8 -l8
[0.082s] Invoking command in '/home/tishan-kashmeera/Desktop/disaster_response-drone_simulation/build/navigation_slam': /usr/bin/cmake --install /home/tishan-kashmeera/Desktop/disaster_response-drone_simulation/build/navigation_slam
[0.089s] -- Install configuration: ""
[0.090s] -- Up-to-date: /home/tishan-kashmeera/Desktop/disaster_response-drone_simulation/install/navigation_slam/lib/navigation_slam/slam_node.py
[0.090s] -- Up-to-date: /home/tishan-kashmeera/Desktop/disaster_response-drone_simulation/install/navigation_slam/share/ament_index/resource_index/package_run_dependencies/navigation_slam
[0.090s] -- Up-to-date: /home/tishan-kashmeera/Desktop/disaster_response-drone_simulation/install/navigation_slam/share/ament_index/resource_index/parent_prefix_path/navigation_slam
[0.090s] -- Up-to-date: /home/tishan-kashmeera/Desktop/disaster_response-drone_simulation/install/navigation_slam/share/navigation_slam/environment/ament_prefix_path.sh
[0.090s] -- Up-to-date: /home/tishan-kashmeera/Desktop/disaster_response-drone_simulation/install/navigation_slam/share/navigation_slam/environment/ament_prefix_path.dsv
[0.091s] -- Up-to-date: /home/tishan-kashmeera/Desktop/disaster_response-drone_simulation/install/navigation_slam/share/navigation_slam/environment/path.sh
[0.091s] -- Up-to-date: /home/tishan-kashmeera/Desktop/disaster_response-drone_simulation/install/navigation_slam/share/navigation_slam/environment/path.dsv
[0.091s] -- Up-to-date: /home/tishan-kashmeera/Desktop/disaster_response-drone_simulation/install/navigation_slam/share/navigation_slam/local_setup.bash
[0.091s] -- Up-to-date: /home/tishan-kashmeera/Desktop/disaster_response-drone_simulation/install/navigation_slam/share/navigation_slam/local_setup.sh
[0.091s] -- Up-to-date: /home/tishan-kashmeera/Desktop/disaster_response-drone_simulation/install/navigation_slam/share/navigation_slam/local_setup.zsh
[0.091s] -- Up-to-date: /home/tishan-kashmeera/Desktop/disaster_response-drone_simulation/install/navigation_slam/share/navigation_slam/local_setup.dsv
[0.091s] -- Up-to-date: /home/tishan-kashmeera/Desktop/disaster_response-drone_simulation/install/navigation_slam/share/navigation_slam/package.dsv
[0.091s] -- Up-to-date: /home/tishan-kashmeera/Desktop/disaster_response-drone_simulation/install/navigation_slam/share/ament_index/resource_index/packages/navigation_slam
[0.091s] -- Up-to-date: /home/tishan-kashmeera/Desktop/disaster_response-drone_simulation/install/navigation_slam/share/navigation_slam/cmake/navigation_slamConfig.cmake
[0.091s] -- Up-to-date: /home/tishan-kashmeera/Desktop/disaster_response-drone_simulation/install/navigation_slam/share/navigation_slam/cmake/navigation_slamConfig-version.cmake
[0.091s] -- Up-to-date: /home/tishan-kashmeera/Desktop/disaster_response-drone_simulation/install/navigation_slam/share/navigation_slam/package.xml
[0.091s] Invoked command in '/home/tishan-kashmeera/Desktop/disaster_response-drone_simulation/build/navigation_slam' returned '0': /usr/bin/cmake --install /home/tishan-kashmeera/Desktop/disaster_response-drone_simulation/build/navigation_slam
