[0.012s] Invoking command in '/home/tishan-kashmeera/Desktop/disaster_response-drone_simulation/build/human_detection': CMAKE_PREFIX_PATH=/opt/ros/foxy /usr/bin/cmake /home/tishan-kashmeera/Desktop/disaster_response-drone_simulation/src/ros2/human_detection -DCMAKE_INSTALL_PREFIX=/home/tishan-kashmeera/Desktop/disaster_response-drone_simulation/install/human_detection
[0.025s] -- Found ament_cmake: 0.9.12 (/opt/ros/foxy/share/ament_cmake/cmake)
[0.043s] -- Found PythonInterp: /usr/bin/python3 (found suitable version "3.8.10", minimum required is "3") 
[0.044s] -- Using PYTHON_EXECUTABLE: /usr/bin/python3
[0.180s] -- Found ament_lint_auto: 0.9.8 (/opt/ros/foxy/share/ament_lint_auto/cmake)
[0.238s] -- Added test 'copyright' to check source files copyright and LICENSE
[0.239s] -- Added test 'flake8' to check Python code syntax and style conventions
[0.239s] -- Added test 'lint_cmake' to check CMake code style
[0.240s] -- Added test 'pep257' to check Python code against some of the style conventions in PEP 257
[0.240s] -- Added test 'xmllint' to check XML markup files
[0.242s] -- Configuring done
[0.244s] -- Generating done
[0.245s] -- Build files have been written to: /home/tishan-kashmeera/Desktop/disaster_response-drone_simulation/build/human_detection
[0.248s] Invoked command in '/home/tishan-kashmeera/Desktop/disaster_response-drone_simulation/build/human_detection' returned '0': CMAKE_PREFIX_PATH=/opt/ros/foxy /usr/bin/cmake /home/tishan-kashmeera/Desktop/disaster_response-drone_simulation/src/ros2/human_detection -DCMAKE_INSTALL_PREFIX=/home/tishan-kashmeera/Desktop/disaster_response-drone_simulation/install/human_detection
[0.249s] Invoking command in '/home/tishan-kashmeera/Desktop/disaster_response-drone_simulation/build/human_detection': CMAKE_PREFIX_PATH=/opt/ros/foxy /usr/bin/cmake --build /home/tishan-kashmeera/Desktop/disaster_response-drone_simulation/build/human_detection -- -j8 -l8
[0.275s] Invoked command in '/home/tishan-kashmeera/Desktop/disaster_response-drone_simulation/build/human_detection' returned '0': CMAKE_PREFIX_PATH=/opt/ros/foxy /usr/bin/cmake --build /home/tishan-kashmeera/Desktop/disaster_response-drone_simulation/build/human_detection -- -j8 -l8
[0.302s] Invoking command in '/home/tishan-kashmeera/Desktop/disaster_response-drone_simulation/build/human_detection': CMAKE_PREFIX_PATH=/opt/ros/foxy /usr/bin/cmake --install /home/tishan-kashmeera/Desktop/disaster_response-drone_simulation/build/human_detection
[0.309s] -- Install configuration: ""
[0.309s] -- Installing: /home/tishan-kashmeera/Desktop/disaster_response-drone_simulation/install/human_detection/share/ament_index/resource_index/package_run_dependencies/human_detection
[0.309s] -- Installing: /home/tishan-kashmeera/Desktop/disaster_response-drone_simulation/install/human_detection/share/ament_index/resource_index/parent_prefix_path/human_detection
[0.310s] -- Installing: /home/tishan-kashmeera/Desktop/disaster_response-drone_simulation/install/human_detection/share/human_detection/environment/ament_prefix_path.sh
[0.310s] -- Installing: /home/tishan-kashmeera/Desktop/disaster_response-drone_simulation/install/human_detection/share/human_detection/environment/ament_prefix_path.dsv
[0.310s] -- Installing: /home/tishan-kashmeera/Desktop/disaster_response-drone_simulation/install/human_detection/share/human_detection/environment/path.sh
[0.310s] -- Installing: /home/tishan-kashmeera/Desktop/disaster_response-drone_simulation/install/human_detection/share/human_detection/environment/path.dsv
[0.310s] -- Installing: /home/tishan-kashmeera/Desktop/disaster_response-drone_simulation/install/human_detection/share/human_detection/local_setup.bash
[0.310s] -- Installing: /home/tishan-kashmeera/Desktop/disaster_response-drone_simulation/install/human_detection/share/human_detection/local_setup.sh
[0.310s] -- Installing: /home/tishan-kashmeera/Desktop/disaster_response-drone_simulation/install/human_detection/share/human_detection/local_setup.zsh
[0.311s] -- Installing: /home/tishan-kashmeera/Desktop/disaster_response-drone_simulation/install/human_detection/share/human_detection/local_setup.dsv
[0.311s] -- Installing: /home/tishan-kashmeera/Desktop/disaster_response-drone_simulation/install/human_detection/share/human_detection/package.dsv
[0.311s] -- Installing: /home/tishan-kashmeera/Desktop/disaster_response-drone_simulation/install/human_detection/share/ament_index/resource_index/packages/human_detection
[0.311s] -- Installing: /home/tishan-kashmeera/Desktop/disaster_response-drone_simulation/install/human_detection/share/human_detection/cmake/human_detectionConfig.cmake
[0.312s] -- Installing: /home/tishan-kashmeera/Desktop/disaster_response-drone_simulation/install/human_detection/share/human_detection/cmake/human_detectionConfig-version.cmake
[0.312s] -- Installing: /home/tishan-kashmeera/Desktop/disaster_response-drone_simulation/install/human_detection/share/human_detection/package.xml
[0.321s] Invoked command in '/home/tishan-kashmeera/Desktop/disaster_response-drone_simulation/build/human_detection' returned '0': CMAKE_PREFIX_PATH=/opt/ros/foxy /usr/bin/cmake --install /home/tishan-kashmeera/Desktop/disaster_response-drone_simulation/build/human_detection
